{"level":"info","message":"Server started on port 3000","timestamp":"2022-04-26T21:31:57.608Z"}
{"level":"info","message":"Home page request","timestamp":"2022-04-26T21:32:20.854Z"}
{"level":"info","message":"Entry saved for contact-us","timestamp":"2022-04-26T21:33:43.818Z"}
{"level":"info","message":"Home page request","timestamp":"2022-04-26T21:33:47.017Z"}
{"level":"info","message":"Donation page request","timestamp":"2022-04-26T21:34:02.700Z"}
{"level":"info","message":"Report homeless person page request","timestamp":"2022-04-26T21:34:20.935Z"}
{"level":"info","message":"Report homeless post request saved","timestamp":"2022-04-26T21:35:52.714Z"}
{"level":"info","message":"Home page request","timestamp":"2022-04-26T21:35:54.615Z"}
{"level":"info","message":"Report homeless person page request","timestamp":"2022-04-26T21:36:06.755Z"}
{"level":"info","message":"Admin Login page request","timestamp":"2022-04-26T21:36:10.446Z"}
{"level":"error","message":"Admin Not Found","timestamp":"2022-04-26T21:36:30.409Z"}
{"level":"info","message":"Admin Login Successful","timestamp":"2022-04-26T21:36:55.240Z"}
{"level":"info","message":"Home page request","timestamp":"2022-04-26T21:36:55.294Z"}
{"level":"info","message":"homeless person data display page request","timestamp":"2022-04-26T21:37:15.482Z"}
{"level":"info","message":"All meetings data display page request","timestamp":"2022-04-26T21:37:33.046Z"}
{"level":"info","message":"Loggin out admin","timestamp":"2022-04-26T21:37:44.300Z"}
{"level":"info","message":"Home page request","timestamp":"2022-04-26T21:37:44.396Z"}
{"level":"info","message":"Server started on port 3000","timestamp":"2022-04-26T21:38:04.363Z"}
{"level":"info","message":"Home page request","timestamp":"2022-04-26T21:41:00.256Z"}
{"level":"info","message":"Home page request","timestamp":"2022-04-26T21:41:17.271Z"}
{"level":"info","message":"Home page request","timestamp":"2022-04-26T21:44:12.208Z"}
{"level":"info","message":"Home page request","timestamp":"2022-04-26T21:54:30.252Z"}
{"level":"info","message":"Home page request","timestamp":"2022-04-26T21:55:32.320Z"}
{"level":"info","message":"Adoption page request","timestamp":"2022-04-26T21:55:38.279Z"}
{"level":"info","message":"Donation page request","timestamp":"2022-04-26T21:55:43.679Z"}
{"level":"info","message":"Report homeless person page request","timestamp":"2022-04-26T21:55:48.967Z"}
{"level":"info","message":"Admin Login page request","timestamp":"2022-04-26T21:55:54.725Z"}
{"level":"info","message":"Admin Login Successful","timestamp":"2022-04-26T21:56:06.048Z"}
{"level":"info","message":"Home page request","timestamp":"2022-04-26T21:56:06.101Z"}
{"level":"info","message":"homeless person data display page request","timestamp":"2022-04-26T21:56:13.710Z"}
{"level":"info","message":"All meetings data display page request","timestamp":"2022-04-26T21:56:18.821Z"}
{"level":"info","message":"Logging out admin","timestamp":"2022-04-26T21:56:21.463Z"}
{"level":"info","message":"Home page request","timestamp":"2022-04-26T21:56:21.531Z"}
{"level":"info","message":"Home page request","timestamp":"2022-04-26T21:57:41.516Z"}
{"level":"info","message":"Admin Login page request","timestamp":"2022-04-26T21:57:44.022Z"}
{"level":"info","message":"Server started on port 3000","timestamp":"2022-04-26T22:00:31.469Z"}
{"level":"info","message":"Admin Login page request","timestamp":"2022-04-26T22:00:36.733Z"}
{"level":"info","message":"Admin Login page request","timestamp":"2022-04-26T22:02:00.909Z"}
{"level":"info","message":"Admin Login page request","timestamp":"2022-04-26T22:03:32.993Z"}
{"level":"info","message":"Admin Login page request","timestamp":"2022-04-26T22:04:00.233Z"}
{"level":"info","message":"Admin Login page request","timestamp":"2022-04-26T22:05:06.195Z"}
{"level":"info","message":"Admin Login page request","timestamp":"2022-04-26T22:10:18.478Z"}
{"level":"info","message":"Admin Login page request","timestamp":"2022-04-26T22:10:20.633Z"}
{"level":"info","message":"Home page request","timestamp":"2022-04-26T22:10:28.965Z"}
{"level":"info","message":"Adoption page request","timestamp":"2022-04-26T22:10:30.329Z"}
{"level":"info","message":"Donation page request","timestamp":"2022-04-26T22:10:31.344Z"}
{"level":"info","message":"Report homeless person page request","timestamp":"2022-04-26T22:10:32.764Z"}
{"level":"info","message":"Home page request","timestamp":"2022-04-26T22:10:49.795Z"}
{"level":"info","message":"Home page request","timestamp":"2022-04-26T22:12:29.883Z"}
{"level":"info","message":"Home page request","timestamp":"2022-04-26T22:16:27.153Z"}
{"level":"info","message":"Adoption page request","timestamp":"2022-04-26T22:16:35.506Z"}
{"level":"info","message":"Adoption page request","timestamp":"2022-04-26T22:18:13.710Z"}
{"level":"info","message":"Adoption page request","timestamp":"2022-04-26T22:20:36.306Z"}
{"level":"info","message":"Home page request","timestamp":"2022-04-26T22:20:42.128Z"}
{"level":"info","message":"Home page request","timestamp":"2022-04-26T22:22:43.185Z"}
{"level":"info","message":"Home page request","timestamp":"2022-04-26T22:29:07.387Z"}
{"level":"info","message":"Home page request","timestamp":"2022-04-26T22:32:30.716Z"}
{"level":"info","message":"Home page request","timestamp":"2022-04-26T22:35:03.211Z"}
{"level":"info","message":"Home page request","timestamp":"2022-04-26T22:36:57.462Z"}
{"level":"info","message":"Adoption page request","timestamp":"2022-04-26T22:37:07.348Z"}
{"level":"info","message":"Donation page request","timestamp":"2022-04-26T22:37:23.552Z"}
{"level":"info","message":"Donation page request","timestamp":"2022-04-26T22:37:58.879Z"}
{"level":"info","message":"Donation page request","timestamp":"2022-04-26T22:38:49.360Z"}
{"level":"info","message":"Donation page request","timestamp":"2022-04-26T22:41:34.671Z"}
{"level":"info","message":"Donation page request","timestamp":"2022-04-26T22:41:47.715Z"}
{"level":"info","message":"Report homeless person page request","timestamp":"2022-04-26T22:41:51.657Z"}
{"level":"info","message":"Report homeless person page request","timestamp":"2022-04-26T22:48:09.380Z"}
{"level":"info","message":"Report homeless person page request","timestamp":"2022-04-26T22:52:12.769Z"}
{"level":"info","message":"Report homeless person page request","timestamp":"2022-04-26T22:53:49.218Z"}
{"level":"info","message":"Report homeless person page request","timestamp":"2022-04-26T22:54:00.663Z"}
{"level":"info","message":"Report homeless person page request","timestamp":"2022-04-26T22:54:22.461Z"}
{"level":"info","message":"Home page request","timestamp":"2022-04-26T22:54:33.579Z"}
{"level":"info","message":"Home page request","timestamp":"2022-04-26T22:55:26.880Z"}
{"level":"info","message":"Home page request","timestamp":"2022-04-26T22:55:52.544Z"}
{"level":"info","message":"Adoption page request","timestamp":"2022-04-26T22:56:04.025Z"}
{"level":"info","message":"Adoption page request","timestamp":"2022-04-26T22:56:12.129Z"}
{"level":"info","message":"Adoption page request","timestamp":"2022-04-26T22:56:50.253Z"}
{"level":"info","message":"Adoption page request","timestamp":"2022-04-26T22:57:08.104Z"}
{"level":"info","message":"Report homeless person page request","timestamp":"2022-04-26T22:57:19.328Z"}
{"level":"info","message":"Report homeless person page request","timestamp":"2022-04-26T22:59:15.331Z"}
{"level":"info","message":"Report homeless person page request","timestamp":"2022-04-26T23:00:47.763Z"}
{"level":"info","message":"Report homeless person page request","timestamp":"2022-04-26T23:01:27.620Z"}
{"level":"info","message":"Report homeless person page request","timestamp":"2022-04-26T23:03:21.405Z"}
{"level":"info","message":"Adoption page request","timestamp":"2022-04-26T23:03:23.858Z"}
{"level":"info","message":"Donation page request","timestamp":"2022-04-26T23:03:24.832Z"}
{"level":"info","message":"Home page request","timestamp":"2022-04-26T23:03:26.139Z"}
{"level":"info","message":"Home page request","timestamp":"2022-04-26T23:04:43.499Z"}
{"level":"info","message":"Home page request","timestamp":"2022-04-26T23:04:45.892Z"}
{"level":"info","message":"Adoption page request","timestamp":"2022-04-26T23:04:46.874Z"}
{"level":"info","message":"Donation page request","timestamp":"2022-04-26T23:04:47.888Z"}
{"level":"info","message":"Report homeless person page request","timestamp":"2022-04-26T23:04:48.918Z"}
{"level":"info","message":"Admin Login page request","timestamp":"2022-04-26T23:04:50.455Z"}
{"level":"info","message":"Admin Login page request","timestamp":"2022-04-26T23:05:15.940Z"}
{"level":"info","message":"Admin Login page request","timestamp":"2022-04-26T23:05:25.614Z"}
{"level":"info","message":"Home page request","timestamp":"2022-04-26T23:05:48.444Z"}
{"level":"info","message":"Adoption page request","timestamp":"2022-04-26T23:05:51.099Z"}
{"level":"info","message":"Donation page request","timestamp":"2022-04-26T23:05:54.365Z"}
{"level":"info","message":"Donate money page request","timestamp":"2022-04-26T23:07:33.996Z"}
{"level":"info","message":"Server started on port 3000","timestamp":"2022-04-26T23:07:57.403Z"}
{"level":"info","message":"Server started on port 3000","timestamp":"2022-04-26T23:12:53.558Z"}
{"level":"info","message":"Server started on port 3000","timestamp":"2022-04-26T23:13:13.117Z"}
{"level":"info","message":"Home page request","timestamp":"2022-04-26T23:13:13.252Z"}
{"level":"info","message":"Adoption page request","timestamp":"2022-04-26T23:13:13.271Z"}
{"level":"info","message":"Report homeless person page request","timestamp":"2022-04-26T23:13:13.280Z"}
{"level":"info","message":"Donation page request","timestamp":"2022-04-26T23:13:13.289Z"}
{"level":"info","message":"Admin Login page request","timestamp":"2022-04-26T23:13:13.299Z"}
{"level":"info","message":"Logging out admin","timestamp":"2022-04-26T23:13:13.350Z"}
{"level":"info","message":"Home page request","timestamp":"2022-04-26T23:13:13.367Z"}
{"level":"info","message":"Server started on port 3000","timestamp":"2022-04-26T23:14:48.640Z"}
{"level":"info","message":"Home page request","timestamp":"2022-04-26T23:14:48.660Z"}
{"level":"info","message":"Adoption page request","timestamp":"2022-04-26T23:14:48.679Z"}
{"level":"info","message":"Report homeless person page request","timestamp":"2022-04-26T23:14:48.689Z"}
{"level":"info","message":"Donation page request","timestamp":"2022-04-26T23:14:48.697Z"}
{"level":"info","message":"Admin Login page request","timestamp":"2022-04-26T23:14:48.802Z"}
{"level":"info","message":"Logging out admin","timestamp":"2022-04-26T23:14:48.811Z"}
{"level":"info","message":"Home page request","timestamp":"2022-04-26T23:14:48.817Z"}
{"level":"info","message":"Server started on port 3000","timestamp":"2022-04-26T23:15:19.395Z"}
{"level":"info","message":"Home page request","timestamp":"2022-04-26T23:15:30.269Z"}
{"level":"info","message":"Adoption page request","timestamp":"2022-04-26T23:15:36.400Z"}
{"level":"info","message":"Donation page request","timestamp":"2022-04-26T23:15:39.869Z"}
{"level":"info","message":"Report homeless person page request","timestamp":"2022-04-26T23:15:43.296Z"}
{"level":"info","message":"Server started on port 3000","timestamp":"2022-04-26T23:16:51.801Z"}
{"level":"info","message":"Server started on port 3000","timestamp":"2022-04-28T04:00:37.223Z"}
{"level":"info","message":"Home page request","timestamp":"2022-04-28T04:01:02.102Z"}
{"level":"info","message":"Home page request","timestamp":"2022-04-28T04:02:00.142Z"}
{"level":"info","message":"Home page request","timestamp":"2022-04-28T04:03:34.858Z"}
{"level":"info","message":"Home page request","timestamp":"2022-04-28T04:04:17.916Z"}
{"level":"info","message":"Home page request","timestamp":"2022-04-28T04:07:44.833Z"}
{"level":"info","message":"Home page request","timestamp":"2022-04-28T04:08:02.354Z"}
{"level":"info","message":"Home page request","timestamp":"2022-04-28T04:10:26.709Z"}
{"level":"info","message":"Home page request","timestamp":"2022-04-28T04:11:18.853Z"}
{"level":"info","message":"Home page request","timestamp":"2022-04-28T04:11:44.922Z"}
{"level":"info","message":"Home page request","timestamp":"2022-04-28T04:12:02.976Z"}
{"level":"info","message":"Adoption page request","timestamp":"2022-04-28T04:12:04.690Z"}
{"level":"info","message":"Adoption page request","timestamp":"2022-04-28T04:13:41.866Z"}
{"level":"info","message":"Adoption page request","timestamp":"2022-04-28T04:13:45.510Z"}
{"level":"info","message":"Donation page request","timestamp":"2022-04-28T04:13:47.349Z"}
{"level":"info","message":"Report homeless person page request","timestamp":"2022-04-28T04:13:50.562Z"}
{"level":"info","message":"Admin Login page request","timestamp":"2022-04-28T04:13:52.734Z"}
{"level":"info","message":"Admin Login Successful","timestamp":"2022-04-28T04:14:06.544Z"}
{"level":"info","message":"Home page request","timestamp":"2022-04-28T04:14:06.641Z"}
{"level":"info","message":"homeless person data display page request","timestamp":"2022-04-28T04:14:09.763Z"}
{"level":"info","message":"All meetings data display page request","timestamp":"2022-04-28T04:14:12.127Z"}
{"level":"info","message":"Home page request","timestamp":"2022-04-28T04:14:15.343Z"}
{"level":"info","message":"Logging out admin","timestamp":"2022-04-28T04:14:18.515Z"}
{"level":"info","message":"Home page request","timestamp":"2022-04-28T04:14:18.654Z"}
{"level":"info","message":"Adoption page request","timestamp":"2022-04-28T04:14:21.291Z"}
{"level":"info","message":"Adoption page request","timestamp":"2022-04-28T04:15:48.656Z"}
{"level":"info","message":"Adoption page request","timestamp":"2022-04-28T04:15:51.312Z"}
{"level":"info","message":"Home page request","timestamp":"2022-04-28T04:15:52.807Z"}
{"level":"info","message":"Donation page request","timestamp":"2022-04-28T04:15:55.009Z"}
{"level":"info","message":"Report homeless person page request","timestamp":"2022-04-28T04:15:57.435Z"}
{"level":"info","message":"Admin Login page request","timestamp":"2022-04-28T04:15:59.357Z"}
{"level":"info","message":"Home page request","timestamp":"2022-04-28T04:16:11.396Z"}
{"level":"info","message":"Home page request","timestamp":"2022-04-28T04:17:22.139Z"}
{"level":"info","message":"Home page request","timestamp":"2022-04-28T04:17:39.981Z"}
{"level":"info","message":"Adoption page request","timestamp":"2022-04-28T04:17:41.768Z"}
{"level":"info","message":"Adoption page request","timestamp":"2022-04-28T04:19:20.744Z"}
{"level":"info","message":"Adoption page request","timestamp":"2022-04-28T04:20:17.141Z"}
{"level":"info","message":"Donation page request","timestamp":"2022-04-28T04:20:26.079Z"}
{"level":"info","message":"Report homeless person page request","timestamp":"2022-04-28T04:20:28.360Z"}
{"level":"info","message":"Admin Login page request","timestamp":"2022-04-28T04:20:31.197Z"}
{"level":"info","message":"Admin Login page request","timestamp":"2022-04-28T04:28:20.561Z"}
{"level":"info","message":"Admin Login page request","timestamp":"2022-04-28T04:28:26.712Z"}
{"level":"info","message":"Admin Login page request","timestamp":"2022-04-28T04:29:25.067Z"}
{"level":"info","message":"Admin Login page request","timestamp":"2022-04-28T04:29:54.998Z"}
{"level":"info","message":"Admin Login page request","timestamp":"2022-04-28T04:31:50.550Z"}
{"level":"info","message":"Admin Login page request","timestamp":"2022-04-28T04:32:07.207Z"}
{"level":"info","message":"Admin Login page request","timestamp":"2022-04-28T04:32:52.474Z"}
{"level":"info","message":"Home page request","timestamp":"2022-04-28T04:33:02.971Z"}
{"level":"info","message":"Adoption page request","timestamp":"2022-04-28T04:34:04.388Z"}
{"level":"info","message":"Adoption page request","timestamp":"2022-04-28T04:35:22.414Z"}
{"level":"info","message":"Adoption page request","timestamp":"2022-04-28T04:35:41.547Z"}
{"level":"info","message":"Adoption page request","timestamp":"2022-04-28T04:35:58.451Z"}
{"level":"info","message":"Adoption page request","timestamp":"2022-04-28T04:36:38.473Z"}
{"level":"info","message":"Adoption page request","timestamp":"2022-04-28T04:39:15.690Z"}
{"level":"info","message":"Home page request","timestamp":"2022-04-28T04:39:20.194Z"}
{"level":"info","message":"Adoption page request","timestamp":"2022-04-28T04:39:26.338Z"}
{"level":"info","message":"Donation page request","timestamp":"2022-04-28T04:39:29.918Z"}
{"level":"info","message":"Report homeless person page request","timestamp":"2022-04-28T04:39:34.241Z"}
{"level":"info","message":"Report homeless person page request","timestamp":"2022-04-28T04:39:37.259Z"}
{"level":"info","message":"Admin Login page request","timestamp":"2022-04-28T04:39:39.430Z"}
{"level":"info","message":"Admin Login Successful","timestamp":"2022-04-28T04:39:50.132Z"}
{"level":"info","message":"Home page request","timestamp":"2022-04-28T04:39:50.247Z"}
{"level":"info","message":"homeless person data display page request","timestamp":"2022-04-28T04:39:55.151Z"}
{"level":"info","message":"Home page request","timestamp":"2022-04-28T04:42:08.566Z"}
{"level":"info","message":"homeless person data display page request","timestamp":"2022-04-28T04:42:29.662Z"}
{"level":"info","message":"homeless person data display page request","timestamp":"2022-04-28T04:43:12.907Z"}
{"level":"info","message":"All meetings data display page request","timestamp":"2022-04-28T04:43:17.006Z"}
{"level":"info","message":"All meetings data display page request","timestamp":"2022-04-28T04:43:50.839Z"}
{"level":"info","message":"All meetings data display page request","timestamp":"2022-04-28T04:46:07.686Z"}
{"level":"info","message":"All meetings data display page request","timestamp":"2022-04-28T04:46:10.392Z"}
{"level":"info","message":"homeless person data display page request","timestamp":"2022-04-28T04:46:12.503Z"}
{"level":"info","message":"homeless person data display page request","timestamp":"2022-04-28T04:46:35.890Z"}
{"level":"info","message":"Home page request","timestamp":"2022-04-28T04:46:44.668Z"}
{"level":"info","message":"Home page request","timestamp":"2022-04-28T04:48:05.239Z"}
{"level":"info","message":"All meetings data display page request","timestamp":"2022-04-28T04:48:10.647Z"}
{"level":"info","message":"homeless person data display page request","timestamp":"2022-04-28T04:48:14.116Z"}
{"level":"info","message":"Home page request","timestamp":"2022-04-28T04:48:16.234Z"}
{"level":"info","message":"Logging out admin","timestamp":"2022-04-28T04:48:21.655Z"}
{"level":"info","message":"Home page request","timestamp":"2022-04-28T04:48:21.873Z"}
{"level":"info","message":"Adoption page request","timestamp":"2022-04-28T04:48:28.072Z"}
{"level":"info","message":"Adoption page request","timestamp":"2022-04-28T04:48:50.608Z"}
{"level":"info","message":"Adoption page request","timestamp":"2022-04-28T04:48:54.127Z"}
{"level":"info","message":"Donation page request","timestamp":"2022-04-28T04:49:00.043Z"}
{"level":"info","message":"Donation page request","timestamp":"2022-04-28T04:49:55.226Z"}
{"level":"info","message":"Donation page request","timestamp":"2022-04-28T04:50:10.821Z"}
{"level":"info","message":"Donation page request","timestamp":"2022-04-28T04:50:38.079Z"}
{"level":"info","message":"Donation page request","timestamp":"2022-04-28T04:50:50.416Z"}
{"level":"info","message":"Donation page request","timestamp":"2022-04-28T04:51:56.530Z"}
{"level":"info","message":"Adoption page request","timestamp":"2022-04-28T04:52:03.302Z"}
{"level":"info","message":"Donation page request","timestamp":"2022-04-28T04:52:19.580Z"}
{"level":"info","message":"Donation page request","timestamp":"2022-04-28T04:53:38.162Z"}
{"level":"info","message":"Home page request","timestamp":"2022-04-28T04:53:46.174Z"}
{"level":"info","message":"Adoption page request","timestamp":"2022-04-28T04:53:48.900Z"}
{"level":"info","message":"Donation page request","timestamp":"2022-04-28T04:53:50.854Z"}
{"level":"info","message":"Report homeless person page request","timestamp":"2022-04-28T04:53:53.099Z"}
{"level":"info","message":"Adoption page request","timestamp":"2022-04-28T04:54:43.566Z"}
{"level":"info","message":"Home page request","timestamp":"2022-04-28T05:04:15.772Z"}
{"level":"info","message":"Adoption page request","timestamp":"2022-04-28T05:04:18.781Z"}
{"level":"info","message":"Donation page request","timestamp":"2022-04-28T05:04:25.237Z"}
{"level":"info","message":"Report homeless person page request","timestamp":"2022-04-28T05:04:31.280Z"}
{"level":"info","message":"Donation page request","timestamp":"2022-04-28T05:05:38.032Z"}
{"level":"info","message":"Home page request","timestamp":"2022-04-28T10:57:38.701Z"}
{"level":"info","message":"Adoption page request","timestamp":"2022-04-28T10:57:47.299Z"}
{"level":"info","message":"Donation page request","timestamp":"2022-04-28T10:57:53.101Z"}
{"level":"info","message":"Report homeless person page request","timestamp":"2022-04-28T10:57:59.187Z"}
{"level":"info","message":"Admin Login page request","timestamp":"2022-04-28T10:58:12.675Z"}
{"level":"info","message":"Home page request","timestamp":"2022-04-28T10:58:18.550Z"}
{"level":"info","message":"Home page request","timestamp":"2022-04-28T10:58:21.777Z"}
{"level":"info","message":"Report homeless person page request","timestamp":"2022-04-28T10:58:45.372Z"}
{"level":"info","message":"Admin Login page request","timestamp":"2022-04-28T10:58:48.539Z"}
{"level":"info","message":"Admin Login Successful","timestamp":"2022-04-28T10:59:03.165Z"}
{"level":"info","message":"Home page request","timestamp":"2022-04-28T10:59:03.244Z"}
{"level":"info","message":"homeless person data display page request","timestamp":"2022-04-28T10:59:10.689Z"}
{"level":"info","message":"All meetings data display page request","timestamp":"2022-04-28T10:59:27.388Z"}
{"level":"info","message":"Logging out admin","timestamp":"2022-04-28T10:59:58.089Z"}
{"level":"info","message":"Home page request","timestamp":"2022-04-28T10:59:58.206Z"}
{"level":"info","message":"Server started on port 3000","timestamp":"2022-04-28T11:02:12.189Z"}
{"level":"info","message":"Adoption page request","timestamp":"2022-04-28T11:02:20.850Z"}
{"level":"info","message":"Donation page request","timestamp":"2022-04-28T11:02:23.095Z"}
{"level":"info","message":"Report homeless person page request","timestamp":"2022-04-28T11:02:26.610Z"}
{"level":"info","message":"Home page request","timestamp":"2022-04-28T11:02:29.695Z"}
{"level":"info","message":"Admin Login page request","timestamp":"2022-04-28T11:02:32.343Z"}
{"level":"info","message":"Adoption page request","timestamp":"2022-04-28T11:02:39.536Z"}
{"level":"info","message":"Server started on port 3000","timestamp":"2022-04-28T11:03:04.719Z"}
{"level":"info","message":"Adoption page request","timestamp":"2022-04-28T11:03:46.788Z"}
{"level":"info","message":"Admin Login page request","timestamp":"2022-04-28T11:03:51.434Z"}
{"level":"info","message":"Report homeless person page request","timestamp":"2022-04-28T11:04:18.697Z"}
{"level":"info","message":"Home page request","timestamp":"2022-04-28T11:04:21.040Z"}
{"level":"info","message":"Server started on port 3000","timestamp":"2022-05-01T04:12:29.576Z"}
{"level":"info","message":"Home page request","timestamp":"2022-05-01T04:13:05.261Z"}
{"level":"info","message":"Home page request","timestamp":"2022-05-01T04:13:23.369Z"}
{"level":"info","message":"Home page request","timestamp":"2022-05-01T04:13:25.996Z"}
{"level":"info","message":"Adoption page request","timestamp":"2022-05-01T04:13:28.659Z"}
{"level":"info","message":"Donation page request","timestamp":"2022-05-01T04:13:38.765Z"}
{"level":"info","message":"Donation page request","timestamp":"2022-05-01T04:13:44.820Z"}
{"level":"info","message":"Report homeless person page request","timestamp":"2022-05-01T04:13:46.659Z"}
{"level":"info","message":"Report homeless person page request","timestamp":"2022-05-01T04:13:54.275Z"}
{"level":"info","message":"Report homeless person page request","timestamp":"2022-05-01T04:13:57.444Z"}
{"level":"info","message":"Admin Login page request","timestamp":"2022-05-01T04:14:00.087Z"}
{"level":"info","message":"Home page request","timestamp":"2022-05-01T04:14:09.070Z"}
{"level":"info","message":"Adoption page request","timestamp":"2022-05-01T04:14:11.442Z"}
{"level":"info","message":"Donation page request","timestamp":"2022-05-01T04:14:12.901Z"}
{"level":"info","message":"Home page request","timestamp":"2022-05-01T04:14:16.844Z"}
{"level":"info","message":"Home page request","timestamp":"2022-05-01T04:16:16.053Z"}
{"level":"info","message":"Donation page request","timestamp":"2022-05-01T04:16:37.691Z"}
{"level":"info","message":"Report homeless person page request","timestamp":"2022-05-01T04:16:44.373Z"}
{"level":"info","message":"Admin Login page request","timestamp":"2022-05-01T04:16:57.950Z"}
{"level":"info","message":"Home page request","timestamp":"2022-05-01T04:17:03.282Z"}
{"level":"info","message":"Home page request","timestamp":"2022-05-01T04:18:53.349Z"}
{"level":"info","message":"Home page request","timestamp":"2022-05-01T04:23:43.906Z"}
{"level":"info","message":"Home page request","timestamp":"2022-05-01T04:24:29.983Z"}
{"level":"info","message":"Home page request","timestamp":"2022-05-01T04:24:59.727Z"}
{"level":"info","message":"Home page request","timestamp":"2022-05-01T04:25:41.186Z"}
{"level":"info","message":"Home page request","timestamp":"2022-05-01T04:26:21.965Z"}
{"level":"info","message":"Adoption page request","timestamp":"2022-05-01T04:26:51.615Z"}
{"level":"info","message":"Home page request","timestamp":"2022-05-01T04:27:25.571Z"}
{"level":"info","message":"Adoption page request","timestamp":"2022-05-01T04:27:28.997Z"}
{"level":"info","message":"Donation page request","timestamp":"2022-05-01T04:27:30.156Z"}
{"level":"info","message":"Report homeless person page request","timestamp":"2022-05-01T04:27:42.011Z"}
{"level":"info","message":"Admin Login page request","timestamp":"2022-05-01T04:27:58.269Z"}
{"level":"info","message":"Admin Login Successful","timestamp":"2022-05-01T04:28:50.783Z"}
{"level":"info","message":"Home page request","timestamp":"2022-05-01T04:28:50.849Z"}
{"level":"info","message":"homeless person data display page request","timestamp":"2022-05-01T04:28:54.178Z"}
{"level":"info","message":"All meetings data display page request","timestamp":"2022-05-01T04:29:15.147Z"}
{"level":"info","message":"Logging out admin","timestamp":"2022-05-01T04:29:25.626Z"}
{"level":"info","message":"Home page request","timestamp":"2022-05-01T04:29:25.718Z"}
{"level":"info","message":"Home page request","timestamp":"2022-05-01T04:38:07.727Z"}
{"level":"info","message":"Home page request","timestamp":"2022-05-01T04:38:21.010Z"}
{"level":"info","message":"Donation page request","timestamp":"2022-05-01T04:38:29.148Z"}
{"level":"info","message":"Adoption page request","timestamp":"2022-05-01T04:38:30.888Z"}
{"level":"info","message":"Adoption page request","timestamp":"2022-05-01T04:39:55.345Z"}
{"level":"info","message":"Adoption page request","timestamp":"2022-05-01T04:40:37.336Z"}
{"level":"info","message":"Donation page request","timestamp":"2022-05-01T04:40:48.980Z"}
{"level":"info","message":"Home page request","timestamp":"2022-05-01T04:40:51.668Z"}
{"level":"info","message":"Donation page request","timestamp":"2022-05-01T04:40:58.905Z"}
{"level":"info","message":"Report homeless person page request","timestamp":"2022-05-01T04:41:06.670Z"}
{"level":"info","message":"Report homeless person page request","timestamp":"2022-05-01T04:41:47.223Z"}
{"level":"info","message":"Home page request","timestamp":"2022-05-01T04:41:58.313Z"}
{"level":"info","message":"Adoption page request","timestamp":"2022-05-01T04:42:05.975Z"}
{"level":"info","message":"Donation page request","timestamp":"2022-05-01T04:42:11.452Z"}
{"level":"info","message":"Report homeless person page request","timestamp":"2022-05-01T04:42:15.625Z"}
{"level":"info","message":"Report homeless person page request","timestamp":"2022-05-01T04:42:45.855Z"}
{"level":"info","message":"Report homeless person page request","timestamp":"2022-05-01T04:43:20.393Z"}
{"level":"info","message":"Report homeless person page request","timestamp":"2022-05-01T04:43:44.994Z"}
{"level":"info","message":"Report homeless person page request","timestamp":"2022-05-01T04:44:14.215Z"}
{"level":"info","message":"Report homeless person page request","timestamp":"2022-05-01T04:44:21.272Z"}
{"level":"info","message":"Report homeless person page request","timestamp":"2022-05-01T04:44:53.021Z"}
{"level":"info","message":"Report homeless person page request","timestamp":"2022-05-01T04:46:10.770Z"}
{"level":"info","message":"Report homeless person page request","timestamp":"2022-05-01T04:46:48.002Z"}
{"level":"info","message":"Report homeless person page request","timestamp":"2022-05-01T04:47:11.128Z"}
{"level":"info","message":"Admin Login page request","timestamp":"2022-05-01T04:47:15.830Z"}
{"level":"info","message":"Admin Login Successful","timestamp":"2022-05-01T04:47:23.617Z"}
{"level":"info","message":"Home page request","timestamp":"2022-05-01T04:47:23.661Z"}
{"level":"info","message":"homeless person data display page request","timestamp":"2022-05-01T04:47:35.432Z"}
{"level":"info","message":"All meetings data display page request","timestamp":"2022-05-01T04:47:41.316Z"}
{"level":"info","message":"homeless person data display page request","timestamp":"2022-05-01T04:47:43.169Z"}
{"level":"info","message":"Home page request","timestamp":"2022-05-01T04:47:44.634Z"}
{"level":"info","message":"homeless person data display page request","timestamp":"2022-05-01T04:48:24.849Z"}
{"level":"info","message":"All meetings data display page request","timestamp":"2022-05-01T04:48:27.882Z"}
{"level":"info","message":"homeless person data display page request","timestamp":"2022-05-01T04:49:16.961Z"}
{"level":"info","message":"Logging out admin","timestamp":"2022-05-01T04:49:18.513Z"}
{"level":"info","message":"Home page request","timestamp":"2022-05-01T04:49:18.601Z"}
{"level":"info","message":"Home page request","timestamp":"2022-05-01T04:50:07.243Z"}
{"level":"info","message":"Home page request","timestamp":"2022-05-01T04:50:43.618Z"}
{"level":"info","message":"Adoption page request","timestamp":"2022-05-01T04:51:27.002Z"}
{"level":"info","message":"Donation page request","timestamp":"2022-05-01T04:51:59.526Z"}
{"level":"info","message":"Report homeless person page request","timestamp":"2022-05-01T04:52:17.036Z"}
{"level":"info","message":"Admin Login page request","timestamp":"2022-05-01T04:52:55.014Z"}
{"level":"info","message":"Admin Login Successful","timestamp":"2022-05-01T04:53:15.381Z"}
{"level":"info","message":"Home page request","timestamp":"2022-05-01T04:53:15.455Z"}
{"level":"info","message":"homeless person data display page request","timestamp":"2022-05-01T04:53:17.594Z"}
{"level":"info","message":"All meetings data display page request","timestamp":"2022-05-01T04:55:05.497Z"}
{"level":"info","message":"Logging out admin","timestamp":"2022-05-01T04:56:41.178Z"}
{"level":"info","message":"Home page request","timestamp":"2022-05-01T04:56:41.258Z"}
{"level":"info","message":"Donation page request","timestamp":"2022-05-01T04:56:48.776Z"}
{"level":"info","message":"Donation page request","timestamp":"2022-05-01T05:04:43.664Z"}
{"level":"info","message":"Home page request","timestamp":"2022-05-01T05:04:44.914Z"}
{"level":"info","message":"Adoption page request","timestamp":"2022-05-01T05:05:19.102Z"}
{"level":"info","message":"Adoption page request","timestamp":"2022-05-01T05:05:41.910Z"}
{"level":"info","message":"Home page request","timestamp":"2022-05-01T05:05:43.244Z"}
{"level":"info","message":"Adoption page request","timestamp":"2022-05-01T05:06:30.286Z"}
{"level":"info","message":"Donation page request","timestamp":"2022-05-01T05:06:31.373Z"}
{"level":"info","message":"Report homeless person page request","timestamp":"2022-05-01T05:06:32.168Z"}
{"level":"info","message":"Home page request","timestamp":"2022-05-01T05:06:47.822Z"}
{"level":"info","message":"Server started on port 3000","timestamp":"2022-05-01T05:08:10.528Z"}
